2023/05/05 12:21:43 [notice] 1#1: using the "epoll" event method
2023/05/05 12:21:43 [notice] 1#1: nginx/1.23.4
2023/05/05 12:21:43 [notice] 1#1: built by gcc 12.2.1 20220924 (Alpine 12.2.1_git20220924-r4) 
2023/05/05 12:21:43 [notice] 1#1: OS: Linux 5.15.0-71-generic
2023/05/05 12:21:43 [notice] 1#1: getrlimit(RLIMIT_NOFILE): 1048576:1048576
2023/05/05 12:21:43 [notice] 1#1: start worker processes
2023/05/05 12:21:43 [notice] 1#1: start worker process 20
2023/05/05 12:21:43 [notice] 1#1: start worker process 21
2023/05/05 12:21:43 [notice] 1#1: start worker process 22
2023/05/05 12:21:43 [notice] 1#1: start worker process 23
2023/05/05 12:35:08 [notice] 1#1: signal 3 (SIGQUIT) received, shutting down
2023/05/05 12:35:08 [notice] 21#21: gracefully shutting down
2023/05/05 12:35:08 [notice] 21#21: exiting
2023/05/05 12:35:08 [notice] 21#21: exit
2023/05/05 12:35:08 [notice] 20#20: gracefully shutting down
2023/05/05 12:35:08 [notice] 20#20: exiting
2023/05/05 12:35:08 [notice] 20#20: exit
2023/05/05 12:35:08 [notice] 22#22: gracefully shutting down
2023/05/05 12:35:08 [notice] 22#22: exiting
2023/05/05 12:35:08 [notice] 22#22: exit
2023/05/05 12:35:08 [notice] 23#23: gracefully shutting down
2023/05/05 12:35:08 [notice] 23#23: exiting
2023/05/05 12:35:08 [notice] 23#23: exit
2023/05/05 12:35:08 [notice] 1#1: signal 17 (SIGCHLD) received from 21
2023/05/05 12:35:08 [notice] 1#1: worker process 21 exited with code 0
2023/05/05 12:35:08 [notice] 1#1: signal 29 (SIGIO) received
2023/05/05 12:35:08 [notice] 1#1: signal 17 (SIGCHLD) received from 20
2023/05/05 12:35:08 [notice] 1#1: worker process 20 exited with code 0
2023/05/05 12:35:08 [notice] 1#1: signal 29 (SIGIO) received
2023/05/05 12:35:08 [notice] 1#1: signal 17 (SIGCHLD) received from 22
2023/05/05 12:35:08 [notice] 1#1: worker process 22 exited with code 0
2023/05/05 12:35:08 [notice] 1#1: signal 29 (SIGIO) received
2023/05/05 12:35:08 [notice] 1#1: signal 17 (SIGCHLD) received from 23
2023/05/05 12:35:08 [notice] 1#1: worker process 23 exited with code 0
2023/05/05 12:35:08 [notice] 1#1: exit
2023/05/05 12:35:34 [notice] 1#1: using the "epoll" event method
2023/05/05 12:35:34 [notice] 1#1: nginx/1.23.4
2023/05/05 12:35:34 [notice] 1#1: built by gcc 12.2.1 20220924 (Alpine 12.2.1_git20220924-r4) 
2023/05/05 12:35:34 [notice] 1#1: OS: Linux 5.15.0-71-generic
2023/05/05 12:35:34 [notice] 1#1: getrlimit(RLIMIT_NOFILE): 1048576:1048576
2023/05/05 12:35:34 [notice] 1#1: start worker processes
2023/05/05 12:35:34 [notice] 1#1: start worker process 20
2023/05/05 12:35:34 [notice] 1#1: start worker process 21
2023/05/05 12:35:34 [notice] 1#1: start worker process 22
2023/05/05 12:35:34 [notice] 1#1: start worker process 23
2023/05/05 12:37:37 [notice] 1#1: signal 3 (SIGQUIT) received, shutting down
2023/05/05 12:37:37 [notice] 20#20: gracefully shutting down
2023/05/05 12:37:37 [notice] 22#22: gracefully shutting down
2023/05/05 12:37:37 [notice] 23#23: gracefully shutting down
2023/05/05 12:37:37 [notice] 20#20: exiting
2023/05/05 12:37:37 [notice] 22#22: exiting
2023/05/05 12:37:37 [notice] 23#23: exiting
2023/05/05 12:37:37 [notice] 23#23: exit
2023/05/05 12:37:37 [notice] 20#20: exit
2023/05/05 12:37:37 [notice] 22#22: exit
2023/05/05 12:37:37 [notice] 21#21: gracefully shutting down
2023/05/05 12:37:37 [notice] 21#21: exiting
2023/05/05 12:37:37 [notice] 21#21: exit
2023/05/05 12:37:37 [notice] 1#1: signal 17 (SIGCHLD) received from 21
2023/05/05 12:37:37 [notice] 1#1: worker process 21 exited with code 0
2023/05/05 12:37:37 [notice] 1#1: signal 29 (SIGIO) received
2023/05/05 12:37:37 [notice] 1#1: signal 17 (SIGCHLD) received from 20
2023/05/05 12:37:37 [notice] 1#1: worker process 20 exited with code 0
2023/05/05 12:37:37 [notice] 1#1: signal 29 (SIGIO) received
2023/05/05 12:37:37 [notice] 1#1: signal 17 (SIGCHLD) received from 22
2023/05/05 12:37:37 [notice] 1#1: worker process 22 exited with code 0
2023/05/05 12:37:37 [notice] 1#1: signal 29 (SIGIO) received
2023/05/05 12:37:37 [notice] 1#1: signal 17 (SIGCHLD) received from 23
2023/05/05 12:37:37 [notice] 1#1: worker process 23 exited with code 0
2023/05/05 12:37:37 [notice] 1#1: exit
2023/05/05 12:37:53 [notice] 1#1: using the "epoll" event method
2023/05/05 12:37:53 [notice] 1#1: nginx/1.23.4
2023/05/05 12:37:53 [notice] 1#1: built by gcc 12.2.1 20220924 (Alpine 12.2.1_git20220924-r4) 
2023/05/05 12:37:53 [notice] 1#1: OS: Linux 5.15.0-71-generic
2023/05/05 12:37:53 [notice] 1#1: getrlimit(RLIMIT_NOFILE): 1048576:1048576
2023/05/05 12:37:53 [notice] 1#1: start worker processes
2023/05/05 12:37:53 [notice] 1#1: start worker process 20
2023/05/05 12:37:53 [notice] 1#1: start worker process 21
2023/05/05 12:37:53 [notice] 1#1: start worker process 22
2023/05/05 12:37:53 [notice] 1#1: start worker process 23
2023/05/05 12:47:20 [notice] 1#1: signal 3 (SIGQUIT) received, shutting down
2023/05/05 12:47:20 [notice] 20#20: gracefully shutting down
2023/05/05 12:47:20 [notice] 23#23: gracefully shutting down
2023/05/05 12:47:20 [notice] 20#20: exiting
2023/05/05 12:47:20 [notice] 23#23: exiting
2023/05/05 12:47:20 [notice] 23#23: exit
2023/05/05 12:47:20 [notice] 20#20: exit
2023/05/05 12:47:20 [notice] 21#21: gracefully shutting down
2023/05/05 12:47:20 [notice] 21#21: exiting
2023/05/05 12:47:20 [notice] 21#21: exit
2023/05/05 12:47:20 [notice] 22#22: gracefully shutting down
2023/05/05 12:47:20 [notice] 22#22: exiting
2023/05/05 12:47:20 [notice] 22#22: exit
2023/05/05 12:47:20 [notice] 1#1: signal 17 (SIGCHLD) received from 22
2023/05/05 12:47:20 [notice] 1#1: worker process 22 exited with code 0
2023/05/05 12:47:20 [notice] 1#1: signal 29 (SIGIO) received
2023/05/05 12:47:20 [notice] 1#1: signal 17 (SIGCHLD) received from 23
2023/05/05 12:47:20 [notice] 1#1: worker process 23 exited with code 0
2023/05/05 12:47:20 [notice] 1#1: signal 29 (SIGIO) received
2023/05/05 12:47:20 [notice] 1#1: signal 17 (SIGCHLD) received from 20
2023/05/05 12:47:20 [notice] 1#1: worker process 20 exited with code 0
2023/05/05 12:47:20 [notice] 1#1: signal 29 (SIGIO) received
2023/05/05 12:47:20 [notice] 1#1: signal 17 (SIGCHLD) received from 21
2023/05/05 12:47:20 [notice] 1#1: worker process 21 exited with code 0
2023/05/05 12:47:20 [notice] 1#1: exit
2023/05/05 12:48:41 [notice] 1#1: using the "epoll" event method
2023/05/05 12:48:41 [notice] 1#1: nginx/1.23.4
2023/05/05 12:48:41 [notice] 1#1: built by gcc 12.2.1 20220924 (Alpine 12.2.1_git20220924-r4) 
2023/05/05 12:48:41 [notice] 1#1: OS: Linux 5.15.0-71-generic
2023/05/05 12:48:41 [notice] 1#1: getrlimit(RLIMIT_NOFILE): 1048576:1048576
2023/05/05 12:48:41 [notice] 1#1: start worker processes
2023/05/05 12:48:41 [notice] 1#1: start worker process 20
2023/05/05 12:48:41 [notice] 1#1: start worker process 21
2023/05/05 12:48:41 [notice] 1#1: start worker process 22
2023/05/05 12:48:41 [notice] 1#1: start worker process 23
2023/05/05 12:50:05 [notice] 1#1: signal 3 (SIGQUIT) received, shutting down
2023/05/05 12:50:05 [notice] 21#21: gracefully shutting down
2023/05/05 12:50:05 [notice] 20#20: gracefully shutting down
2023/05/05 12:50:05 [notice] 21#21: exiting
2023/05/05 12:50:05 [notice] 20#20: exiting
2023/05/05 12:50:05 [notice] 21#21: exit
2023/05/05 12:50:05 [notice] 20#20: exit
2023/05/05 12:50:05 [notice] 23#23: gracefully shutting down
2023/05/05 12:50:05 [notice] 23#23: exiting
2023/05/05 12:50:05 [notice] 23#23: exit
2023/05/05 12:50:05 [notice] 22#22: gracefully shutting down
2023/05/05 12:50:05 [notice] 22#22: exiting
2023/05/05 12:50:05 [notice] 22#22: exit
2023/05/05 12:50:05 [notice] 1#1: signal 17 (SIGCHLD) received from 20
2023/05/05 12:50:05 [notice] 1#1: worker process 20 exited with code 0
2023/05/05 12:50:05 [notice] 1#1: worker process 23 exited with code 0
2023/05/05 12:50:05 [notice] 1#1: signal 29 (SIGIO) received
2023/05/05 12:50:05 [notice] 1#1: signal 17 (SIGCHLD) received from 21
2023/05/05 12:50:05 [notice] 1#1: worker process 21 exited with code 0
2023/05/05 12:50:05 [notice] 1#1: worker process 22 exited with code 0
2023/05/05 12:50:05 [notice] 1#1: exit
2023/05/05 13:07:22 [notice] 1#1: using the "epoll" event method
2023/05/05 13:07:22 [notice] 1#1: nginx/1.23.4
2023/05/05 13:07:22 [notice] 1#1: built by gcc 12.2.1 20220924 (Alpine 12.2.1_git20220924-r4) 
2023/05/05 13:07:22 [notice] 1#1: OS: Linux 5.15.0-71-generic
2023/05/05 13:07:22 [notice] 1#1: getrlimit(RLIMIT_NOFILE): 1048576:1048576
2023/05/05 13:07:22 [notice] 1#1: start worker processes
2023/05/05 13:07:22 [notice] 1#1: start worker process 20
2023/05/05 13:07:22 [notice] 1#1: start worker process 21
2023/05/05 13:07:22 [notice] 1#1: start worker process 22
2023/05/05 13:07:22 [notice] 1#1: start worker process 23
2023/05/05 13:08:57 [notice] 1#1: signal 3 (SIGQUIT) received, shutting down
2023/05/05 13:08:57 [notice] 20#20: gracefully shutting down
2023/05/05 13:08:57 [notice] 23#23: gracefully shutting down
2023/05/05 13:08:57 [notice] 20#20: exiting
2023/05/05 13:08:57 [notice] 23#23: exiting
2023/05/05 13:08:57 [notice] 22#22: gracefully shutting down
2023/05/05 13:08:57 [notice] 22#22: exiting
2023/05/05 13:08:57 [notice] 20#20: exit
2023/05/05 13:08:57 [notice] 22#22: exit
2023/05/05 13:08:57 [notice] 23#23: exit
2023/05/05 13:08:57 [notice] 21#21: gracefully shutting down
2023/05/05 13:08:57 [notice] 21#21: exiting
2023/05/05 13:08:57 [notice] 21#21: exit
2023/05/05 13:08:57 [notice] 1#1: signal 17 (SIGCHLD) received from 20
2023/05/05 13:08:57 [notice] 1#1: worker process 20 exited with code 0
2023/05/05 13:08:57 [notice] 1#1: worker process 22 exited with code 0
2023/05/05 13:08:57 [notice] 1#1: worker process 23 exited with code 0
2023/05/05 13:08:57 [notice] 1#1: signal 29 (SIGIO) received
2023/05/05 13:08:57 [notice] 1#1: signal 17 (SIGCHLD) received from 21
2023/05/05 13:08:57 [notice] 1#1: worker process 21 exited with code 0
2023/05/05 13:08:57 [notice] 1#1: exit
2023/05/05 13:09:02 [notice] 1#1: using the "epoll" event method
2023/05/05 13:09:02 [notice] 1#1: nginx/1.23.4
2023/05/05 13:09:02 [notice] 1#1: built by gcc 12.2.1 20220924 (Alpine 12.2.1_git20220924-r4) 
2023/05/05 13:09:02 [notice] 1#1: OS: Linux 5.15.0-71-generic
2023/05/05 13:09:02 [notice] 1#1: getrlimit(RLIMIT_NOFILE): 1048576:1048576
2023/05/05 13:09:02 [notice] 1#1: start worker processes
2023/05/05 13:09:02 [notice] 1#1: start worker process 20
2023/05/05 13:09:02 [notice] 1#1: start worker process 21
2023/05/05 13:09:02 [notice] 1#1: start worker process 22
2023/05/05 13:09:02 [notice] 1#1: start worker process 23
2023/05/05 13:11:49 [notice] 1#1: signal 3 (SIGQUIT) received, shutting down
2023/05/05 13:11:49 [notice] 20#20: gracefully shutting down
2023/05/05 13:11:49 [notice] 21#21: gracefully shutting down
2023/05/05 13:11:49 [notice] 20#20: exiting
2023/05/05 13:11:49 [notice] 21#21: exiting
2023/05/05 13:11:49 [notice] 21#21: exit
2023/05/05 13:11:49 [notice] 20#20: exit
2023/05/05 13:11:49 [notice] 22#22: gracefully shutting down
2023/05/05 13:11:49 [notice] 23#23: gracefully shutting down
2023/05/05 13:11:49 [notice] 22#22: exiting
2023/05/05 13:11:49 [notice] 23#23: exiting
2023/05/05 13:11:49 [notice] 22#22: exit
2023/05/05 13:11:49 [notice] 23#23: exit
2023/05/05 13:11:49 [notice] 1#1: signal 17 (SIGCHLD) received from 21
2023/05/05 13:11:49 [notice] 1#1: worker process 21 exited with code 0
2023/05/05 13:11:49 [notice] 1#1: worker process 23 exited with code 0
2023/05/05 13:11:49 [notice] 1#1: signal 29 (SIGIO) received
2023/05/05 13:11:49 [notice] 1#1: signal 17 (SIGCHLD) received from 23
2023/05/05 13:11:49 [notice] 1#1: signal 17 (SIGCHLD) received from 20
2023/05/05 13:11:49 [notice] 1#1: worker process 20 exited with code 0
2023/05/05 13:11:49 [notice] 1#1: signal 29 (SIGIO) received
2023/05/05 13:11:49 [notice] 1#1: signal 17 (SIGCHLD) received from 22
2023/05/05 13:11:49 [notice] 1#1: worker process 22 exited with code 0
2023/05/05 13:11:49 [notice] 1#1: exit
2023/05/05 13:12:25 [notice] 1#1: using the "epoll" event method
2023/05/05 13:12:25 [notice] 1#1: nginx/1.23.4
2023/05/05 13:12:25 [notice] 1#1: built by gcc 12.2.1 20220924 (Alpine 12.2.1_git20220924-r4) 
2023/05/05 13:12:25 [notice] 1#1: OS: Linux 5.15.0-71-generic
2023/05/05 13:12:25 [notice] 1#1: getrlimit(RLIMIT_NOFILE): 1048576:1048576
2023/05/05 13:12:25 [notice] 1#1: start worker processes
2023/05/05 13:12:25 [notice] 1#1: start worker process 20
2023/05/05 13:12:25 [notice] 1#1: start worker process 21
2023/05/05 13:12:25 [notice] 1#1: start worker process 22
2023/05/05 13:12:25 [notice] 1#1: start worker process 23
2023/05/05 13:15:31 [notice] 1#1: signal 3 (SIGQUIT) received, shutting down
2023/05/05 13:15:31 [notice] 22#22: gracefully shutting down
2023/05/05 13:15:31 [notice] 22#22: exiting
2023/05/05 13:15:31 [notice] 21#21: gracefully shutting down
2023/05/05 13:15:31 [notice] 21#21: exiting
2023/05/05 13:15:31 [notice] 22#22: exit
2023/05/05 13:15:31 [notice] 21#21: exit
2023/05/05 13:15:31 [notice] 20#20: gracefully shutting down
2023/05/05 13:15:31 [notice] 20#20: exiting
2023/05/05 13:15:31 [notice] 20#20: exit
2023/05/05 13:15:31 [notice] 23#23: gracefully shutting down
2023/05/05 13:15:31 [notice] 23#23: exiting
2023/05/05 13:15:31 [notice] 23#23: exit
2023/05/05 13:15:31 [notice] 1#1: signal 17 (SIGCHLD) received from 23
2023/05/05 13:15:31 [notice] 1#1: worker process 23 exited with code 0
2023/05/05 13:15:31 [notice] 1#1: signal 29 (SIGIO) received
2023/05/05 13:15:31 [notice] 1#1: signal 17 (SIGCHLD) received from 20
2023/05/05 13:15:31 [notice] 1#1: worker process 20 exited with code 0
2023/05/05 13:15:31 [notice] 1#1: signal 29 (SIGIO) received
2023/05/05 13:15:31 [notice] 1#1: signal 17 (SIGCHLD) received from 22
2023/05/05 13:15:31 [notice] 1#1: worker process 22 exited with code 0
2023/05/05 13:15:31 [notice] 1#1: signal 29 (SIGIO) received
2023/05/05 13:15:31 [notice] 1#1: signal 17 (SIGCHLD) received from 21
2023/05/05 13:15:31 [notice] 1#1: worker process 21 exited with code 0
2023/05/05 13:15:31 [notice] 1#1: exit
2023/05/05 13:16:16 [notice] 1#1: using the "epoll" event method
2023/05/05 13:16:16 [notice] 1#1: nginx/1.23.4
2023/05/05 13:16:16 [notice] 1#1: built by gcc 12.2.1 20220924 (Alpine 12.2.1_git20220924-r4) 
2023/05/05 13:16:16 [notice] 1#1: OS: Linux 5.15.0-71-generic
2023/05/05 13:16:16 [notice] 1#1: getrlimit(RLIMIT_NOFILE): 1048576:1048576
2023/05/05 13:16:16 [notice] 1#1: start worker processes
2023/05/05 13:16:16 [notice] 1#1: start worker process 20
2023/05/05 13:16:16 [notice] 1#1: start worker process 21
2023/05/05 13:16:16 [notice] 1#1: start worker process 22
2023/05/05 13:16:16 [notice] 1#1: start worker process 23
